[2021-12-09 15:11:10.565 DEBUG wd_log]src/main.rs(18): submit = {"task_name":"文件夹1","your_name":"fdsaf ","your_gender":"男","place":"望京","work_content":"dsafdas "}
[2021-12-09 15:27:18.131 DEBUG wd_log]src/main.rs(18): submit = {"task_name":"文件夹1","your_name":"fdsaf ","your_gender":"男","place":"望京","work_content":"dsafdas "}
[2021-12-09 15:35:35.362 DEBUG wd_log]src/main.rs(18): submit = {"task_name":"文件夹1","your_name":"fdsaf ","your_gender":"男","place":"望京","work_content":"dsafdas "}
[2021-12-09 15:36:29.203 DEBUG wd_log]src/main.rs(18): submit = {"task_name":"文件夹1","your_name":"fdsaf ","your_gender":"男","place":"望京","work_content":"这一周还行\r\n看一下这是什么\r\n哈哈哈"}
[2021-12-10 17:06:44.508 DEBUG wd_log]src/main.rs(24): submit = {"task_name":"文件夹1","your_name":"何俊铧","your_gender":"男","place":"西二旗","work_content":"你好\r\n发我\r\n我看下"}
[2021-12-10 17:07:36.200 DEBUG wd_log]src/main.rs(24): submit = {"task_name":"文件夹1","your_name":"何俊铧","your_gender":"男","place":"西二旗","work_content":"你好\r\n发我\r\n我看下"}
[2021-12-10 17:08:01.561 DEBUG wd_log]src/main.rs(24): submit = {"task_name":"文件夹1","your_name":"刘琴琴","your_gender":"女","place":"玺萌大厦","work_content":"我是lll\r\n范德萨发的"}
[2021-12-10 17:13:25.905 DEBUG wd_log]src/main.rs(24): submit = {"task_name":"文件夹1","your_name":"你好","your_gender":"男","place":"望京","work_content":"陌陌\r\n新浪"}
[2021-12-10 17:14:22.333 DEBUG wd_log]src/main.rs(24): submit = {"task_name":"文件夹1","your_name":"lqq","your_gender":"女","place":"玺萌大厦","work_content":"海油\r\n邮储"}
[2021-12-10 18:43:44.820 DEBUG wd_log]src/main.rs(19): submit = {"task_name":"文件夹1","your_name":"你好","your_gender":"男","place":"望京","work_content":"fsdafda"}
[2021-12-10 18:44:35.347 DEBUG wd_log]src/main.rs(19): submit = {"task_name":"文件夹1","your_name":"你好","your_gender":"男","place":"望京","work_content":"fsdafda"}
[2021-12-10 18:46:44.467 DEBUG wd_log]src/main.rs(19): submit = {"task_name":"文件夹1","your_name":"你好","your_gender":"男","place":"望京","work_content":"fsdafda"}
[2021-12-10 18:51:46.031 DEBUG wd_log]src/main.rs(19): submit = {"task_name":"文件夹1","your_name":"你好","your_gender":"男","place":"望京","work_content":"fsdafda"}
[2021-12-10 19:01:57.250 DEBUG wd_log]src/main.rs(19): submit = {"task_name":"文件夹1","your_name":"你好","your_gender":"男","place":"望京","work_content":"fsdafda"}
[2021-12-10 19:20:23.140 DEBUG wd_log]src/main.rs(19): submit = {"time_millisecond":"","task_name":"文件夹1","your_name":"dsafds","place":"望京","work_content":""}
[2021-12-10 19:20:50.554 DEBUG wd_log]src/main.rs(19): submit = {"time_millisecond":"","task_name":"文件夹1","your_name":"dsafds","place":"望京","work_content":""}
[2021-12-10 19:20:51.056 DEBUG wd_log]src/main.rs(19): submit = {"time_millisecond":"","task_name":"文件夹1","your_name":"dsafds","place":"望京","work_content":""}
[2021-12-10 19:20:51.241 DEBUG wd_log]src/main.rs(19): submit = {"time_millisecond":"","task_name":"文件夹1","your_name":"dsafds","place":"望京","work_content":""}
[2021-12-10 19:25:37.606 DEBUG wd_log]src/main.rs(19): submit = {"time_millisecond":"1639135537598","task_name":"文件夹1","your_name":"","place":"望京","work_content":""}
[2021-12-10 19:26:25.970 DEBUG wd_log]src/main.rs(19): submit = {"time_millisecond":"1639135585963","task_name":"文件夹1","your_name":"","place":"望京","work_content":""}
[2021-12-10 19:28:46.102 DEBUG wd_log]src/main.rs(19): submit = {"time_millisecond":"1639135726097","task_name":"文件夹1","your_name":"","place":"望京","work_content":""}
[2021-12-10 23:43:36.564 DEBUG wd_log]src/main.rs(20): submit = {"time_millisecond":"1639151016554","task_name":"文件夹1","your_name":"我是何军阿虎","your_gender":"男","place":"玺萌大厦","work_content":"我卡卡啊 "}
[2021-12-10 23:45:24.603 DEBUG wd_log]src/main.rs(20): submit = {"time_millisecond":"1639151124598","task_name":"文件夹1","your_name":"我是何军阿虎","your_gender":"男","place":"玺萌大厦","work_content":"我卡卡啊 \r\n\r\n发范德萨"}
[2021-12-10 23:46:57.553 DEBUG wd_log]src/main.rs(20): submit = {"time_millisecond":"1639151217544","task_name":"文件夹1","your_name":"我是何军阿虎","your_gender":"男","place":"玺萌大厦","work_content":"我卡卡啊 \r\n\r\n发范德萨"}
[2021-12-10 23:49:17.043 DEBUG wd_log]src/main.rs(20): submit = {"time_millisecond":"1639151357036","task_name":"文件夹1","your_name":"我是何军阿虎","your_gender":"男","place":"玺萌大厦","work_content":"我卡卡啊 \r\n\r\n发范德萨"}
[2021-12-10 23:53:51.191 DEBUG wd_log]src/main.rs(20): submit = {"time_millisecond":"1639151631186","task_name":"文件夹1","your_name":"我是何军阿虎","your_gender":"男","place":"玺萌大厦","work_content":"我卡卡啊 \r\n\r\n发范德萨\r\n\r\n这不有病吗"}
[2021-12-11 02:05:23.918 DEBUG wd_log]src/main.rs(20): submit = {"time_millisecond":"1639159523910","task_name":"文件夹1","your_name":"你好","your_gender":"女","place":"玺萌大厦","work_content":"fdsafdsafdsa\r\newjofjsdaf\r\nfdsklafjdsa\r\n\r\n\r\nfdsajhklfdsajfd"}
[2021-12-11 02:11:38.492 DEBUG wd_log]src/main.rs(20): submit = {"time_millisecond":"1639159898485","task_name":"文件夹1","your_name":"防守打法","your_gender":"男","place":"望京","gift":["苹果","华为","小米"],"work_content":"范德萨发saf\r\n\r\n范德萨fs\r\n\r\n发的撒"}
[2021-12-11 20:14:05.339 DEBUG wd_log]src/main.rs(22): submit = {"time_millisecond":"1639224845332","task_name":"文件夹1","your_name":"看下刷新","your_gender":"男","place":"西二旗","gift":["华为","小米"],"work_content":"怎吗打\r\n大声道范德萨啊"}
[2021-12-11 20:16:46.004 DEBUG wd_log]src/main.rs(22): submit = {"time_millisecond":"1639225005995","task_name":"文件夹1","your_name":"看下刷新","your_gender":"男","place":"西二旗","gift":["华为","小米"],"work_content":"怎吗打\r\n大声道范德萨啊"}
[2021-12-11 20:18:47.108 DEBUG wd_log]src/main.rs(22): submit = {"time_millisecond":"1639225127103","task_name":"文件夹1","your_name":"看下刷新","your_gender":"男","place":"西二旗","gift":["华为","小米"],"work_content":"怎吗打\r\n大声道范德萨啊"}
[2021-12-11 20:23:01.708 DEBUG wd_log]src/main.rs(22): submit = {"time_millisecond":"1639225381703","task_name":"文件夹1","your_name":"看下刷新","your_gender":"男","place":"西二旗","gift":["华为","小米"],"work_content":"怎吗打\r\n大声道范德萨啊"}
[2021-12-11 20:30:48.483 DEBUG wd_log]src/main.rs(22): submit = {"time_millisecond":"1639225848477","task_name":"文件夹1","your_name":"看下刷新","your_gender":"男","place":"西二旗","gift":["华为","小米"],"work_content":"怎吗打\r\n大声道范德萨啊"}
[2021-12-11 20:34:00.663 DEBUG wd_log]src/main.rs(22): submit = {"time_millisecond":"1639226040658","task_name":"文件夹1","your_name":"看下刷新","your_gender":"男","place":"西二旗","gift":["华为","小米"],"work_content":"怎吗打\r\n大声道范德萨啊"}
[2021-12-11 20:38:36.403 DEBUG wd_log]src/main.rs(22): submit = {"time_millisecond":"1639226316397","task_name":"文件夹1","your_name":"看下刷新","your_gender":"男","place":"西二旗","gift":["华为","小米"],"work_content":"怎吗打\r\n大声道范德萨啊"}
[2021-12-11 20:43:27.583 DEBUG wd_log]src/main.rs(22): submit = {"time_millisecond":"1639226607576","task_name":"文件夹1","your_name":"看下刷新","your_gender":"男","place":"西二旗","gift":["华为","小米"],"work_content":"怎吗打\r\n大声道范德萨啊"}
[2021-12-11 20:43:55.129 DEBUG wd_log]src/main.rs(22): submit = {"time_millisecond":"1639226635121","task_name":"文件夹1","your_name":"看下刷新","your_gender":"男","place":"西二旗","gift":["华为","小米"],"work_content":"怎吗打\r\n大声道范德萨啊"}
[2021-12-11 20:59:05.950 DEBUG wd_log]src/main.rs(22): submit = {"time_millisecond":"1639227545944","task_name":"文件夹1","your_name":"看下刷新","your_gender":"男","place":"西二旗","gift":["华为","小米"],"work_content":"怎吗打\r\n大声道范德萨啊"}
[2021-12-11 20:59:25.684 DEBUG wd_log]src/main.rs(22): submit = {"time_millisecond":"1639227565681","task_name":"文件夹1","your_name":"我靠！","your_gender":"男","place":"西二旗","gift":["华为","小米"],"work_content":"怎吗打\r\n大声道范德萨啊"}
[2021-12-11 22:18:00.424 DEBUG wd_log]src/main.rs(22): submit = {"time_millisecond":"1639232280416","task_name":"文件夹1","your_name":"何俊铧","your_gender":"男","place":"玺萌大厦","gift":["华为","小米"],"work_content":"中海油\r\n邮储"}
